0 info it worked if it ends with ok
1 verbose cli [ 'D:\\nodejs\\\\node.exe',
1 verbose cli   'D:\\nodejs\\node_modules\\npm\\bin\\npm-cli.js',
1 verbose cli   'install',
1 verbose cli   'contrib-jshint',
1 verbose cli   '--save-dev' ]
2 info using npm@1.4.28
3 info using node@v0.10.32
4 verbose node symlink D:\nodejs\\node.exe
5 verbose readDependencies using package.json deps
6 verbose cache add [ 'contrib-jshint', null ]
7 verbose cache add name=undefined spec="contrib-jshint" args=["contrib-jshint",null]
8 verbose parsed url { protocol: null,
8 verbose parsed url   slashes: null,
8 verbose parsed url   auth: null,
8 verbose parsed url   host: null,
8 verbose parsed url   port: null,
8 verbose parsed url   hostname: null,
8 verbose parsed url   hash: null,
8 verbose parsed url   search: null,
8 verbose parsed url   query: null,
8 verbose parsed url   pathname: 'contrib-jshint',
8 verbose parsed url   path: 'contrib-jshint',
8 verbose parsed url   href: 'contrib-jshint' }
9 silly lockFile 65c86493-contrib-jshint contrib-jshint
10 verbose lock contrib-jshint C:\Users\Administrator\AppData\Roaming\npm-cache\65c86493-contrib-jshint.lock
11 silly lockFile 65c86493-contrib-jshint contrib-jshint
12 silly lockFile 65c86493-contrib-jshint contrib-jshint
13 verbose addNamed [ 'contrib-jshint', '' ]
14 verbose addNamed [ null, '*' ]
15 silly lockFile 1d82b695-contrib-jshint contrib-jshint@
16 verbose lock contrib-jshint@ C:\Users\Administrator\AppData\Roaming\npm-cache\1d82b695-contrib-jshint.lock
17 silly addNameRange { name: 'contrib-jshint', range: '*', hasData: false }
18 verbose request where is /contrib-jshint
19 verbose request registry https://registry.npmjs.org/
20 verbose request id 571db876fc6be1da
21 verbose url raw /contrib-jshint
22 verbose url resolving [ 'https://registry.npmjs.org/', './contrib-jshint' ]
23 verbose url resolved https://registry.npmjs.org/contrib-jshint
24 verbose request where is https://registry.npmjs.org/contrib-jshint
25 info trying registry request attempt 1 at 20:13:29
26 http GET https://registry.npmjs.org/contrib-jshint
27 http 404 https://registry.npmjs.org/contrib-jshint
28 verbose headers { date: 'Thu, 09 Oct 2014 12:13:50 GMT',
28 verbose headers   server: 'CouchDB/1.5.0 (Erlang OTP/R16B03)',
28 verbose headers   'content-type': 'application/json',
28 verbose headers   'cache-control': 'max-age=0',
28 verbose headers   'content-length': '52',
28 verbose headers   'accept-ranges': 'bytes',
28 verbose headers   via: '1.1 varnish',
28 verbose headers   age: '0',
28 verbose headers   'x-served-by': 'cache-ty68-TYO',
28 verbose headers   'x-cache': 'MISS',
28 verbose headers   'x-cache-hits': '0',
28 verbose headers   'x-timer': 'S1412856830.344516,VS0,VE128',
28 verbose headers   'keep-alive': 'timeout=10, max=50',
28 verbose headers   connection: 'Keep-Alive' }
29 silly registry.get cb [ 404,
29 silly registry.get   { date: 'Thu, 09 Oct 2014 12:13:50 GMT',
29 silly registry.get     server: 'CouchDB/1.5.0 (Erlang OTP/R16B03)',
29 silly registry.get     'content-type': 'application/json',
29 silly registry.get     'cache-control': 'max-age=0',
29 silly registry.get     'content-length': '52',
29 silly registry.get     'accept-ranges': 'bytes',
29 silly registry.get     via: '1.1 varnish',
29 silly registry.get     age: '0',
29 silly registry.get     'x-served-by': 'cache-ty68-TYO',
29 silly registry.get     'x-cache': 'MISS',
29 silly registry.get     'x-cache-hits': '0',
29 silly registry.get     'x-timer': 'S1412856830.344516,VS0,VE128',
29 silly registry.get     'keep-alive': 'timeout=10, max=50',
29 silly registry.get     connection: 'Keep-Alive' } ]
30 silly lockFile 1d82b695-contrib-jshint contrib-jshint@
31 silly lockFile 1d82b695-contrib-jshint contrib-jshint@
32 error 404 404 Not Found: contrib-jshint
32 error 404
32 error 404 'contrib-jshint' is not in the npm registry.
32 error 404 You should bug the author to publish it
32 error 404 It was specified as a dependency of 'master_tools'
32 error 404
32 error 404 Note that you can also install from a
32 error 404 tarball, folder, or http url, or git url.
33 error System Windows_NT 6.1.7601
34 error command "D:\\nodejs\\\\node.exe" "D:\\nodejs\\node_modules\\npm\\bin\\npm-cli.js" "install" "contrib-jshint" "--save-dev"
35 error cwd E:\master_tools
36 error node -v v0.10.32
37 error npm -v 1.4.28
38 error code E404
39 verbose exit [ 1, true ]
